\BOOKMARK [1][-]{section.1}{D\351finition de base}{}% 1
\BOOKMARK [1][-]{section.2}{Les it\351rateurs}{}% 2
\BOOKMARK [2][-]{subsection.2.1}{snapshot iterator}{section.2}% 3
\BOOKMARK [2][-]{subsection.2.2}{lazy iterator}{section.2}% 4
\BOOKMARK [1][-]{section.3}{Array and linked List}{}% 5
\BOOKMARK [2][-]{subsection.3.1}{Simple array}{section.3}% 6
\BOOKMARK [2][-]{subsection.3.2}{Simplement li\351e}{section.3}% 7
\BOOKMARK [2][-]{subsection.3.3}{Doublement li\351e}{section.3}% 8
\BOOKMARK [2][-]{subsection.3.4}{Circulaire}{section.3}% 9
\BOOKMARK [1][-]{section.4}{Stack}{}% 10
\BOOKMARK [1][-]{section.5}{Queue}{}% 11
\BOOKMARK [1][-]{section.6}{Tree}{}% 12
\BOOKMARK [2][-]{subsection.6.1}{Binary tree}{section.6}% 13
\BOOKMARK [3][-]{subsubsection.6.1.1}{repr\351sention en m\351moire}{subsection.6.1}% 14
\BOOKMARK [2][-]{subsection.6.2}{Les parcours / traversal algo}{section.6}% 15
\BOOKMARK [3][-]{subsubsection.6.2.1}{Preorder traversal \(pr\351fixe\)}{subsection.6.2}% 16
\BOOKMARK [3][-]{subsubsection.6.2.2}{Postorder traversal \(postfixe\)}{subsection.6.2}% 17
\BOOKMARK [3][-]{subsubsection.6.2.3}{inorder traversal}{subsection.6.2}% 18
\BOOKMARK [3][-]{subsubsection.6.2.4}{Euler tour}{subsection.6.2}% 19
\BOOKMARK [3][-]{subsubsection.6.2.5}{breadth-first Tree}{subsection.6.2}% 20
\BOOKMARK [1][-]{section.7}{Heaps}{}% 21
\BOOKMARK [1][-]{section.8}{Priority queue}{}% 22
\BOOKMARK [2][-]{subsection.8.1}{Impl\351mentation}{section.8}% 23
\BOOKMARK [1][-]{section.9}{Map}{}% 24
\BOOKMARK [2][-]{subsection.9.1}{Sorted Map}{section.9}% 25
\BOOKMARK [1][-]{section.10}{Hashing}{}% 26
\BOOKMARK [2][-]{subsection.10.1}{Collisions}{section.10}% 27
\BOOKMARK [3][-]{subsubsection.10.1.1}{Sparate chaining}{subsection.10.1}% 28
\BOOKMARK [3][-]{subsubsection.10.1.2}{Linear probing}{subsection.10.1}% 29
\BOOKMARK [3][-]{subsubsection.10.1.3}{Quadratic probing}{subsection.10.1}% 30
\BOOKMARK [3][-]{subsubsection.10.1.4}{Double hashing}{subsection.10.1}% 31
\BOOKMARK [3][-]{subsubsection.10.1.5}{Attention suppression d'un \351l\351ment}{subsection.10.1}% 32
\BOOKMARK [1][-]{section.11}{Dictionnaire}{}% 33
\BOOKMARK [1][-]{section.12}{Skip List}{}% 34
\BOOKMARK [1][-]{section.13}{Binary seach trees}{}% 35
\BOOKMARK [1][-]{section.14}{Balance Search Trees}{}% 36
\BOOKMARK [2][-]{subsection.14.1}{Rotation}{section.14}% 37
\BOOKMARK [2][-]{subsection.14.2}{AVL trees}{section.14}% 38
\BOOKMARK [3][-]{subsubsection.14.2.1}{Insertion}{subsection.14.2}% 39
\BOOKMARK [3][-]{subsubsection.14.2.2}{Suppression}{subsection.14.2}% 40
\BOOKMARK [2][-]{subsection.14.3}{Multiway search tree}{section.14}% 41
\BOOKMARK [2][-]{subsection.14.4}{\(2,4\)-tree}{section.14}% 42
\BOOKMARK [2][-]{subsection.14.5}{B-tree}{section.14}% 43
\BOOKMARK [2][-]{subsection.14.6}{Splay tree}{section.14}% 44
\BOOKMARK [1][-]{section.15}{Pattern Matching algorithms on pattern}{}% 45
\BOOKMARK [2][-]{subsection.15.1}{Brute force}{section.15}% 46
\BOOKMARK [2][-]{subsection.15.2}{The Boyer-Moore Algo}{section.15}% 47
\BOOKMARK [2][-]{subsection.15.3}{The Knuth-Morris-Pratt Algo}{section.15}% 48
\BOOKMARK [1][-]{section.16}{Pattern Matching algorithms directly on the text}{}% 49
\BOOKMARK [2][-]{subsection.16.1}{Tries}{section.16}% 50
\BOOKMARK [2][-]{subsection.16.2}{Compressed trie}{section.16}% 51
\BOOKMARK [2][-]{subsection.16.3}{Suffix Tries}{section.16}% 52
\BOOKMARK [1][-]{section.17}{Greedy method}{}% 53
\BOOKMARK [1][-]{section.18}{Huffman}{}% 54
\BOOKMARK [1][-]{section.19}{graph}{}% 55
\BOOKMARK [2][-]{subsection.19.1}{Comment stocker le graphe}{section.19}% 56
\BOOKMARK [2][-]{subsection.19.2}{Graph traversal}{section.19}% 57
\BOOKMARK [3][-]{subsubsection.19.2.1}{Depth-First Search \(DFS\)}{subsection.19.2}% 58
\BOOKMARK [3][-]{subsubsection.19.2.2}{Breadth-First Search \(BFS\)}{subsection.19.2}% 59
\BOOKMARK [2][-]{subsection.19.3}{Transitive Closure}{section.19}% 60
\BOOKMARK [2][-]{subsection.19.4}{Directed Acyclic Graphs \046 topological ordering}{section.19}% 61
\BOOKMARK [2][-]{subsection.19.5}{Shortest Paths}{section.19}% 62
\BOOKMARK [3][-]{subsubsection.19.5.1}{Dijkstra}{subsection.19.5}% 63
\BOOKMARK [2][-]{subsection.19.6}{Minimum spanning tree}{section.19}% 64
\BOOKMARK [3][-]{subsubsection.19.6.1}{Prim-Jarnik's algorithm}{subsection.19.6}% 65
\BOOKMARK [3][-]{subsubsection.19.6.2}{Kruskal's algorithm}{subsection.19.6}% 66
